TN:
SF:C:\Private\sol\satoshi-v1-core\contracts\interfaces\IERC20.sol
FNF:0
FNH:0
LF:0
LH:0
BRF:0
BRH:0
end_of_record
TN:
SF:C:\Private\sol\satoshi-v1-core\contracts\interfaces\ISatoshiERC20.sol
FNF:0
FNH:0
LF:0
LH:0
BRF:0
BRH:0
end_of_record
TN:
SF:C:\Private\sol\satoshi-v1-core\contracts\libraries\SafeMath.sol
FN:8,add
FN:12,sub
FN:16,mul
FN:20,max
FN:24,min
FNF:5
FNH:0
FNDA:0,add
FNDA:0,sub
FNDA:0,mul
FNDA:0,max
FNDA:0,min
DA:9,0
DA:13,0
DA:17,0
DA:21,0
DA:25,0
LF:5
LH:0
BRDA:9,1,0,0
BRDA:9,1,1,0
BRDA:13,2,0,0
BRDA:13,2,1,0
BRDA:17,3,0,0
BRDA:17,3,1,0
BRF:6
BRH:0
end_of_record
TN:
SF:C:\Private\sol\satoshi-v1-core\contracts\Satoshi.sol
FN:32,constructor
FN:48,_mint
FN:56,_burn
FN:62,_approve
FN:67,_transfer
FN:74,approve
FN:79,transfer
FN:84,transferFrom
FN:92,permit
FN:106,unpack
FN:113,pack
FN:120,unpack
FN:124,pack
FNF:13
FNH:0
FNDA:0,constructor
FNDA:0,_mint
FNDA:0,_burn
FNDA:0,_approve
FNDA:0,_transfer
FNDA:0,approve
FNDA:0,transfer
FNDA:0,transferFrom
FNDA:0,permit
FNDA:0,unpack
FNDA:0,pack
FNDA:0,unpack
FNDA:0,pack
DA:33,0
DA:34,0
DA:37,0
DA:49,0
DA:50,0
DA:51,0
DA:52,0
DA:53,0
DA:57,0
DA:58,0
DA:59,0
DA:63,0
DA:64,0
DA:68,0
DA:69,0
DA:70,0
DA:71,0
DA:75,0
DA:76,0
DA:80,0
DA:81,0
DA:85,0
DA:86,0
DA:88,0
DA:89,0
DA:93,0
DA:94,0
DA:101,0
DA:102,0
DA:103,0
DA:107,0
DA:108,0
DA:109,0
DA:110,0
DA:114,0
DA:115,0
DA:116,0
DA:117,0
DA:121,0
DA:125,0
LF:40
LH:0
BRDA:49,1,0,0
BRDA:49,1,1,0
BRDA:51,2,0,0
BRDA:51,2,1,0
BRDA:68,3,0,0
BRDA:68,3,1,0
BRDA:85,4,0,0
BRDA:85,4,1,0
BRDA:93,5,0,0
BRDA:93,5,1,0
BRDA:102,6,0,0
BRDA:102,6,1,0
BRDA:108,7,0,0
BRDA:108,7,1,0
BRDA:116,8,0,0
BRDA:116,8,1,0
BRF:16
BRH:0
end_of_record
